<?xml version="1.0" encoding="UTF-8"?>
<testng-results ignored="0" total="1" passed="1" failed="0" skipped="0">
  <reporter-output>
  </reporter-output>
  <suite started-at="2020-11-09T17:17:57 GMT-03:00" name="Default suite" finished-at="2020-11-09T17:17:57 GMT-03:00" duration-ms="39">
    <groups>
    </groups>
    <test started-at="2020-11-09T17:17:57 GMT-03:00" name="Default test" finished-at="2020-11-09T17:17:57 GMT-03:00" duration-ms="39">
      <class name="com.publica.grupo2.validacoes.ValidadorCEPTest">
        <test-method signature="validarCEPTest()[pri:0, instance:com.publica.grupo2.validacoes.ValidadorCEPTest@23f7d05d]" started-at="2020-11-09T17:17:57 GMT-03:00" name="validarCEPTest" finished-at="2020-11-09T17:17:57 GMT-03:00" duration-ms="10" status="PASS">
          <reporter-output>
          </reporter-output>
        </test-method> <!-- validarCEPTest -->
      </class> <!-- com.publica.grupo2.validacoes.ValidadorCEPTest -->
    </test> <!-- Default test -->
  </suite> <!-- Default suite -->
</testng-results>
